<?xml version="1.0" encoding="UTF-8"?>
<!-- Generated by org.testng.reporters.JUnitReportReporter -->
<testsuite skipped="0" hostname="EPUALVIW1773" name="com.epam.GoogleMailTestSuite" tests="5" failures="0" timestamp="2019-05-21T15:16:19 EEST" time="82.972" errors="0">
  <testcase name="GmailTest" time="17.078" classname="com.epam.GoogleMailTestSuite"/>
  <testcase name="GmailTest" time="16.286" classname="com.epam.GoogleMailTestSuite"/>
  <testcase name="GmailTest" time="17.784" classname="com.epam.GoogleMailTestSuite"/>
  <testcase name="GmailTest" time="15.523" classname="com.epam.GoogleMailTestSuite"/>
  <testcase name="GmailTest" time="16.301" classname="com.epam.GoogleMailTestSuite"/>
</testsuite> <!-- com.epam.GoogleMailTestSuite -->
