<?xml version="1.0" encoding="UTF-8"?>
<!-- Generated by org.testng.reporters.JUnitReportReporter -->
<testsuite skipped="0" hostname="EPUALVIW1773" name="com.epam.GoogleMailTestSuite" tests="5" failures="0" timestamp="2019-05-21T16:41:08 EEST" time="82.269" errors="0">
  <testcase name="GmailTest" time="15.768" classname="com.epam.GoogleMailTestSuite"/>
  <testcase name="GmailTest" time="16.198" classname="com.epam.GoogleMailTestSuite"/>
  <testcase name="GmailTest" time="17.828" classname="com.epam.GoogleMailTestSuite"/>
  <testcase name="GmailTest" time="16.506" classname="com.epam.GoogleMailTestSuite"/>
  <testcase name="GmailTest" time="15.969" classname="com.epam.GoogleMailTestSuite"/>
</testsuite> <!-- com.epam.GoogleMailTestSuite -->
